28-05-2023 18:19:25:1925 [[32minfo[39m]: [32m[server]: Server is running @ http://localhost:8080[39m
28-05-2023 18:20:31:2031 [[32minfo[39m]: [32m[server]: Server is running @ http://localhost:8080[39m
28-05-2023 18:24:09:249 [[32minfo[39m]: [32m[server]: Server is running @ http://localhost:8080[39m
28-05-2023 18:24:10:2410 [[32minfo[39m]: [32m[server]: Server is running @ http://localhost:8080[39m
28-05-2023 18:24:10:2410 [[32minfo[39m]: [32m[server]: Server is running @ http://localhost:8080[39m
28-05-2023 20:40:14:4014 [[32minfo[39m]: [32m[server]: Server is running @ http://localhost:8080[39m
28-05-2023 20:40:16:4016 [[32minfo[39m]: [32m[server]: Server is running @ http://localhost:8080[39m
28-05-2023 20:40:57:4057 [[32minfo[39m]: [32m[server]: Server is running @ http://localhost:8080[39m
28-05-2023 20:40:58:4058 [[32minfo[39m]: [32m[server]: Server is running @ http://localhost:8080[39m
28-05-2023 20:41:01:411 [[32minfo[39m]: [32m[server]: Server is running @ http://localhost:8080[39m
28-05-2023 20:41:02:412 [[32minfo[39m]: [32m[server]: Server is running @ http://localhost:8080[39m
28-05-2023 20:41:15:4115 [[32minfo[39m]: [32m[server]: Server is running @ http://localhost:8080[39m
28-05-2023 20:41:16:4116 [[32minfo[39m]: [32m[server]: Server is running @ http://localhost:8080[39m
28-05-2023 20:42:01:421 [[32minfo[39m]: [32m[server]: Server is running @ http://localhost:8080[39m
28-05-2023 20:42:27:4227 [[32minfo[39m]: [32m[server]: Server is running @ http://localhost:8080[39m
28-05-2023 20:42:35:4235 [[32minfo[39m]: [32m[server]: Server is running @ http://localhost:8080[39m
28-05-2023 20:43:11:4311 [[32minfo[39m]: [32m[server]: Server is running @ http://localhost:8080[39m
28-05-2023 20:43:38:4338 [[32minfo[39m]: [32m[server]: Server is running @ http://localhost:8080[39m
28-05-2023 20:43:45:4345 [[32minfo[39m]: [32m[server]: Server is running @ http://localhost:8080[39m
28-05-2023 20:43:48:4348 [[32minfo[39m]: [32m[server]: Server is running @ http://localhost:8080[39m
28-05-2023 20:43:50:4350 [[32minfo[39m]: [32m[server]: Server is running @ http://localhost:8080[39m
28-05-2023 20:43:59:4359 [[32minfo[39m]: [32m[server]: Server is running @ http://localhost:8080[39m
28-05-2023 20:44:05:445 [[32minfo[39m]: [32m[server]: Server is running @ http://localhost:8080[39m
28-05-2023 20:44:33:4433 [[32minfo[39m]: [32m[server]: Server is running @ http://localhost:8080[39m
28-05-2023 21:40:06:406 [[32minfo[39m]: [32m[server]: Server is running @ http://localhost:8080[39m
28-05-2023 21:40:54:4054 [[32minfo[39m]: [32m[server]: Server is running @ http://localhost:3000[39m
28-05-2023 21:41:00:410 [[32minfo[39m]: [32m[server]: Server is running @ http://localhost:3000[39m
28-05-2023 21:41:40:4140 [[32minfo[39m]: [32m[server]: Server is running @ http://localhost:3000[39m
28-05-2023 21:43:04:434 [[32minfo[39m]: [32m[server]: Server is running @ http://localhost:3000[39m
28-05-2023 21:44:19:4419 [[31merror[39m]: [31m[31merror[31m[39m
28-05-2023 21:45:28:4528 [[31merror[39m]: [31m[31merror[31m[39m
28-05-2023 21:45:30:4530 [[31merror[39m]: [31m[31merror[31m[39m
28-05-2023 21:45:40:4540 [[32minfo[39m]: [32m[server]: Server is running @ http://localhost:3000[39m
28-05-2023 21:45:43:4543 [[31merror[39m]: [31m[31merror[31m[39m
28-05-2023 21:46:14:4614 [[32minfo[39m]: [32m[server]: Server is running @ http://localhost:3000[39m
28-05-2023 21:46:17:4617 [[32minfo[39m]: [32m[32minfo[32m[39m
28-05-2023 21:46:39:4639 [[32minfo[39m]: [32m[server]: Server is running @ http://localhost:3000[39m
28-05-2023 21:46:44:4644 [[32minfo[39m]: [32m[server]: Server is running @ http://localhost:3000[39m
28-05-2023 21:46:46:4646 [[32minfo[39m]: [32m[39m
[32mInvalid `this.prisma.user.create()` invocation in[39m
[32m/Users/harunbajric/Projects/authentication-boilerplate/dist/services/AuthService.js:47:53[39m

[32m  44     o_auth_token_last_refresh: null,[39m
[32m  45     last_update: now,[39m
[32m  46 };[39m
[32m→ 47 const user = yield this.prisma.user.create({[39m
[32m       data: {[39m
[32m         email: 'harun@test.com',[39m
[32m         phone_number: '1235132',[39m
[32m         password: 'harun123',[39m
[32m         user_name: 'harun',[39m
[32m         user_last_name: 'bajric',[39m
[32m         address: null,[39m
[32m                  ~~~~[39m
[32m         jwt_token: 'eyJhbGciOiJIUzI1NiIsInR5cCI6IkpXVCJ9.eyJwaG9uZU51bWJlciI6IjEyMzUxMzIiLCJpYXQiOjE2ODUzMDMyMDYsImV4cCI6MTY4NTQ3NjAwNn0.7-jQKo7GbEf1TCLw6QLBsNL10mf5vnqNIaXB5Y71wFY',[39m
[32m         created_on: new Date('2023-05-28T19:46:46.773Z'),[39m
[32m         jwt_token_last_refresh: new Date('2023-05-28T19:46:46.773Z'),[39m
[32m         o_auth_token: '132255',[39m
[32m         o_auth_token_verified: false,[39m
[32m         ~~~~~~~~~~~~~~~~~~~~~[39m
[32m         o_auth_token_last_refresh: null,[39m
[32m         ~~~~~~~~~~~~~~~~~~~~~~~~~[39m
[32m         last_update: new Date('2023-05-28T19:46:46.773Z')[39m
[32m       }[39m
[32m     })[39m

[32mArgument address for data.address must not be null. Please use undefined instead.[39m
[32mUnknown arg `o_auth_token_verified` in data.o_auth_token_verified for type userCreateInput. Did you mean `o_auth_verified`? Available args:[39m
[32mtype userCreateInput {[39m
[32m  email: String[39m
[32m  phone_number: String[39m
[32m  password: String[39m
[32m  o_auth_token: String[39m
[32m  o_auth_verified?: Boolean[39m
[32m  o_auth_last_refresh?: DateTime | Null[39m
[32m  jwt_token: String[39m
[32m  jwt_token_last_refresh?: DateTime | Null[39m
[32m  user_name: String[39m
[32m  user_last_name: String[39m
[32m  address?: NullableJsonNullValueInput | Json[39m
[32m  last_update: DateTime[39m
[32m  created_on: DateTime[39m
[32m}[39m
[32mUnknown arg `o_auth_token_last_refresh` in data.o_auth_token_last_refresh for type userCreateInput. Did you mean `jwt_token_last_refresh`? Available args:[39m
[32mtype userCreateInput {[39m
[32m  email: String[39m
[32m  phone_number: String[39m
[32m  password: String[39m
[32m  o_auth_token: String[39m
[32m  o_auth_verified?: Boolean[39m
[32m  o_auth_last_refresh?: DateTime | Null[39m
[32m  jwt_token: String[39m
[32m  jwt_token_last_refresh?: DateTime | Null[39m
[32m  user_name: String[39m
[32m  user_last_name: String[39m
[32m  address?: NullableJsonNullValueInput | Json[39m
[32m  last_update: DateTime[39m
[32m  created_on: DateTime[39m
[32m}[39m

[32m[39m
28-05-2023 21:47:33:4733 [[32minfo[39m]: [32m[server]: Server is running @ http://localhost:3000[39m
28-05-2023 21:47:40:4740 [[32minfo[39m]: [32m[39m
[32mInvalid `this.prisma.user.create()` invocation in[39m
[32m/Users/harunbajric/Projects/authentication-boilerplate/dist/services/AuthService.js:47:53[39m

[32m  44     o_auth_last_refresh: null,[39m
[32m  45     last_update: now,[39m
[32m  46 };[39m
[32m→ 47 const user = yield this.prisma.user.create({[39m
[32m       data: {[39m
[32m         email: 'harun@test.com',[39m
[32m         phone_number: '1235132',[39m
[32m         password: 'harun123',[39m
[32m         user_name: 'harun',[39m
[32m         user_last_name: 'bajric',[39m
[32m         address: null,[39m
[32m                  ~~~~[39m
[32m         jwt_token: 'eyJhbGciOiJIUzI1NiIsInR5cCI6IkpXVCJ9.eyJwaG9uZU51bWJlciI6IjEyMzUxMzIiLCJpYXQiOjE2ODUzMDMyNjAsImV4cCI6MTY4NTQ3NjA2MH0.WGEN9BtW0a5GtH85M49tSVkYPAieDFKCyRcVo-jC8NQ',[39m
[32m         created_on: new Date('2023-05-28T19:47:40.217Z'),[39m
[32m         jwt_token_last_refresh: new Date('2023-05-28T19:47:40.217Z'),[39m
[32m         o_auth_token: '128521',[39m
[32m         o_auth_token_verified: false,[39m
[32m         ~~~~~~~~~~~~~~~~~~~~~[39m
[32m         o_auth_last_refresh: null,[39m
[32m         last_update: new Date('2023-05-28T19:47:40.217Z')[39m
[32m       }[39m
[32m     })[39m

[32mArgument address for data.address must not be null. Please use undefined instead.[39m
[32mUnknown arg `o_auth_token_verified` in data.o_auth_token_verified for type userCreateInput. Did you mean `o_auth_verified`? Available args:[39m
[32mtype userCreateInput {[39m
[32m  email: String[39m
[32m  phone_number: String[39m
[32m  password: String[39m
[32m  o_auth_token: String[39m
[32m  o_auth_verified?: Boolean[39m
[32m  o_auth_last_refresh?: DateTime | Null[39m
[32m  jwt_token: String[39m
[32m  jwt_token_last_refresh?: DateTime | Null[39m
[32m  user_name: String[39m
[32m  user_last_name: String[39m
[32m  address?: NullableJsonNullValueInput | Json[39m
[32m  last_update: DateTime[39m
[32m  created_on: DateTime[39m
[32m}[39m

[32m[39m
28-05-2023 21:47:53:4753 [[32minfo[39m]: [32m[server]: Server is running @ http://localhost:3000[39m
28-05-2023 21:47:57:4757 [[32minfo[39m]: [32m[39m
[32mInvalid `this.prisma.user.create()` invocation in[39m
[32m/Users/harunbajric/Projects/authentication-boilerplate/dist/services/AuthService.js:47:53[39m

[32m  44     o_auth_last_refresh: null,[39m
[32m  45     last_update: now,[39m
[32m  46 };[39m
[32m→ 47 const user = yield this.prisma.user.create({[39m
[32m       data: {[39m
[32m         email: 'harun@test.com',[39m
[32m         phone_number: '1235132',[39m
[32m         password: 'harun123',[39m
[32m         user_name: 'harun',[39m
[32m         user_last_name: 'bajric',[39m
[32m         address: null,[39m
[32m                  ~~~~[39m
[32m         jwt_token: 'eyJhbGciOiJIUzI1NiIsInR5cCI6IkpXVCJ9.eyJwaG9uZU51bWJlciI6IjEyMzUxMzIiLCJpYXQiOjE2ODUzMDMyNzcsImV4cCI6MTY4NTQ3NjA3N30.YOeqv9i9BJdeNCgqhOl6k3-FY0vpiIpMbJfr3sEkJrM',[39m
[32m         created_on: new Date('2023-05-28T19:47:57.258Z'),[39m
[32m         jwt_token_last_refresh: new Date('2023-05-28T19:47:57.258Z'),[39m
[32m         o_auth_token: '198568',[39m
[32m         o_auth_verified: false,[39m
[32m         o_auth_last_refresh: null,[39m
[32m         last_update: new Date('2023-05-28T19:47:57.258Z')[39m
[32m       }[39m
[32m     })[39m

[32mArgument address for data.address must not be null. Please use undefined instead.[39m

[32m[39m
28-05-2023 21:48:21:4821 [[32minfo[39m]: [32m[server]: Server is running @ http://localhost:3000[39m
28-05-2023 21:49:03:493 [[32minfo[39m]: [32m[server]: Server is running @ http://localhost:3000[39m
28-05-2023 21:49:18:4918 [[32minfo[39m]: [32m[server]: Server is running @ http://localhost:3000[39m
28-05-2023 21:49:19:4919 [[32minfo[39m]: [32mINSIDE[39m
28-05-2023 21:49:24:4924 [[32minfo[39m]: [32m[server]: Server is running @ http://localhost:3000[39m
28-05-2023 21:49:26:4926 [[35mhttp[39m]: [35mINSIDE[39m
28-05-2023 21:49:29:4929 [[32minfo[39m]: [32m[server]: Server is running @ http://localhost:3000[39m
29-05-2023 21:54:19:5419 [[32minfo[39m]: [32m[server]: Server is running @ http://localhost:3000[39m
29-05-2023 21:54:21:5421 [[32minfo[39m]: [32m[server]: Server is running @ http://localhost:3000[39m
29-05-2023 21:54:38:5438 [[33mwarn[39m]: [33mCould not register new user harun.com, 1235132[39m
29-05-2023 21:54:44:5444 [[32minfo[39m]: [32mRegistered new user. 2[39m
29-05-2023 21:55:28:5528 [[32minfo[39m]: [32m[server]: Server is running @ http://localhost:3000[39m
29-05-2023 21:55:46:5546 [[32minfo[39m]: [32m[server]: Server is running @ http://localhost:3000[39m
29-05-2023 21:55:48:5548 [[32minfo[39m]: [32m[server]: Server is running @ http://localhost:3000[39m
29-05-2023 21:55:51:5551 [[35mhttp[39m]: [35mvalidating >> /api/auth/register[39m
29-05-2023 21:55:51:5551 [[33mwarn[39m]: [33mCould not register new user harun.com, 123513122[39m
29-05-2023 21:56:01:561 [[35mhttp[39m]: [35mvalidating >> /api/auth/register[39m
29-05-2023 21:56:01:561 [[33mwarn[39m]: [33mCould not register new user harun.com, 1235131224[39m
29-05-2023 21:56:14:5614 [[35mhttp[39m]: [35mvalidating >> /api/auth/register[39m
29-05-2023 21:56:14:5614 [[32minfo[39m]: [32mRegistered new user. 3[39m
29-05-2023 21:56:30:5630 [[32minfo[39m]: [32m[server]: Server is running @ http://localhost:3000[39m
29-05-2023 21:56:33:5633 [[35mhttp[39m]: [35mvalidating >> /api/auth/register[39m
29-05-2023 21:56:33:5633 [[35mhttp[39m]: [35mvalidated >> /api/auth/register[39m
29-05-2023 21:56:33:5633 [[33mwarn[39m]: [33mCould not register new user harusn.com, 1235131224[39m
29-05-2023 21:56:42:5642 [[35mhttp[39m]: [35mvalidating >> /api/auth/register[39m
29-05-2023 21:56:42:5642 [[35mhttp[39m]: [35mvalidated >> /api/auth/register[39m
29-05-2023 21:56:42:5642 [[33mwarn[39m]: [33mCould not register new user harusn, 1235131224[39m
29-05-2023 21:57:46:5746 [[32minfo[39m]: [32m[server]: Server is running @ http://localhost:3000[39m
29-05-2023 21:57:47:5747 [[32minfo[39m]: [32m[server]: Server is running @ http://localhost:3000[39m
29-05-2023 21:57:48:5748 [[35mhttp[39m]: [35mvalidating >> /api/auth/register[39m
29-05-2023 21:57:48:5748 [[32minfo[39m]: [32mResult { formatter: [Function: formatter], errors: [] }[39m
29-05-2023 21:57:48:5748 [[35mhttp[39m]: [35mvalidated >> /api/auth/register[39m
29-05-2023 21:57:48:5748 [[33mwarn[39m]: [33mCould not register new user harusn, 1235131224[39m
29-05-2023 21:58:00:580 [[32minfo[39m]: [32m[server]: Server is running @ http://localhost:3000[39m
29-05-2023 21:58:01:581 [[35mhttp[39m]: [35mvalidating >> /api/auth/register[39m
29-05-2023 21:58:01:581 [[32minfo[39m]: [32m[][39m
29-05-2023 21:58:01:581 [[35mhttp[39m]: [35mvalidated >> /api/auth/register[39m
29-05-2023 21:58:01:581 [[33mwarn[39m]: [33mCould not register new user harusn, 1235131224[39m
29-05-2023 22:13:01:131 [[32minfo[39m]: [32m[server]: Server is running @ http://localhost:3000[39m
29-05-2023 22:13:04:134 [[35mhttp[39m]: [35mvalidating >> /api/auth/register[39m
29-05-2023 22:13:04:134 [[32minfo[39m]: [32m[][39m
29-05-2023 22:13:04:134 [[35mhttp[39m]: [35mvalidated >> /api/auth/register[39m
29-05-2023 22:13:04:134 [[33mwarn[39m]: [33mCould not register new user harusn, 1235131224[39m
29-05-2023 22:13:18:1318 [[35mhttp[39m]: [35mvalidating >> /api/auth/register[39m
29-05-2023 22:13:18:1318 [[32minfo[39m]: [32m[][39m
29-05-2023 22:13:18:1318 [[35mhttp[39m]: [35mvalidated >> /api/auth/register[39m
29-05-2023 22:13:18:1318 [[33mwarn[39m]: [33mCould not register new user harusn, 1235131224[39m
29-05-2023 22:19:24:1924 [[32minfo[39m]: [32m[server]: Server is running @ http://localhost:3000[39m
29-05-2023 22:19:42:1942 [[32minfo[39m]: [32m[server]: Server is running @ http://localhost:3000[39m
29-05-2023 22:19:45:1945 [[35mhttp[39m]: [35mvalidating >> /api/auth/register[39m
29-05-2023 22:19:45:1945 [[32minfo[39m]: [32m[][39m
29-05-2023 22:19:45:1945 [[35mhttp[39m]: [35mvalidated >> /api/auth/register[39m
29-05-2023 22:19:45:1945 [[33mwarn[39m]: [33mCould not register new user harusn, 1235131224[39m
29-05-2023 22:21:24:2124 [[32minfo[39m]: [32m[server]: Server is running @ http://localhost:3000[39m
29-05-2023 22:21:25:2125 [[32minfo[39m]: [32m[server]: Server is running @ http://localhost:3000[39m
29-05-2023 22:21:28:2128 [[35mhttp[39m]: [35mvalidating >> /api/auth/register[39m
29-05-2023 22:21:28:2128 [[32minfo[39m]: [32m[][39m
29-05-2023 22:21:28:2128 [[35mhttp[39m]: [35mvalidated >> /api/auth/register[39m
29-05-2023 22:21:28:2128 [[35mhttp[39m]: [35mvalidating >> /api/auth/register[39m
29-05-2023 22:21:28:2128 [[32minfo[39m]: [32m[[39m
[32m  {[39m
[32m    type: 'field',[39m
[32m    value: 'harusn',[39m
[32m    msg: 'Email not valid',[39m
[32m    path: 'email',[39m
[32m    location: 'body'[39m
[32m  },[39m
[32m  {[39m
[32m    type: 'field',[39m
[32m    value: 'ha',[39m
[32m    msg: 'Invalid value',[39m
[32m    path: 'password',[39m
[32m    location: 'body'[39m
[32m  }[39m
[32m][39m
29-05-2023 22:21:28:2128 [[35mhttp[39m]: [35mvalidation failed [object Object],[object Object][39m
29-05-2023 22:21:56:2156 [[32minfo[39m]: [32m[server]: Server is running @ http://localhost:3000[39m
29-05-2023 22:22:09:229 [[32minfo[39m]: [32m[server]: Server is running @ http://localhost:3000[39m
29-05-2023 22:22:11:2211 [[35mhttp[39m]: [35mvalidating >> /api/auth/register[39m
29-05-2023 22:22:11:2211 [[35mhttp[39m]: [35mvalidated >> /api/auth/register[39m
29-05-2023 22:22:11:2211 [[35mhttp[39m]: [35mvalidating >> /api/auth/register[39m
29-05-2023 22:22:11:2211 [[35mhttp[39m]: [35mvalidation failed[39m
29-05-2023 22:22:11:2211 [[35mhttp[39m]: [35m[[39m
[35m  {[39m
[35m    type: 'field',[39m
[35m    value: 'harusn',[39m
[35m    msg: 'Email not valid',[39m
[35m    path: 'email',[39m
[35m    location: 'body'[39m
[35m  },[39m
[35m  {[39m
[35m    type: 'field',[39m
[35m    value: 'ha',[39m
[35m    msg: 'Invalid value',[39m
[35m    path: 'password',[39m
[35m    location: 'body'[39m
[35m  }[39m
[35m][39m
29-05-2023 22:23:12:2312 [[32minfo[39m]: [32m[server]: Server is running @ http://localhost:3000[39m
29-05-2023 22:23:19:2319 [[32minfo[39m]: [32m[server]: Server is running @ http://localhost:3000[39m
29-05-2023 22:23:22:2322 [[35mhttp[39m]: [35mvalidating >> /api/auth/register[39m
29-05-2023 22:23:22:2322 [[35mhttp[39m]: [35mvalidated >> /api/auth/register[39m
29-05-2023 22:23:22:2322 [[35mhttp[39m]: [35mvalidating >> /api/auth/register[39m
29-05-2023 22:23:22:2322 [[35mhttp[39m]: [35mvalidated >> /api/auth/register[39m
29-05-2023 22:23:22:2322 [[33mwarn[39m]: [33mCould not register new user harusn, 1235131224[39m
29-05-2023 22:23:31:2331 [[32minfo[39m]: [32m[server]: Server is running @ http://localhost:3000[39m
29-05-2023 22:23:39:2339 [[35mhttp[39m]: [35mvalidating >> /api/auth/register[39m
29-05-2023 22:23:39:2339 [[35mhttp[39m]: [35mvalidated >> /api/auth/register[39m
29-05-2023 22:23:39:2339 [[35mhttp[39m]: [35mvalidating >> /api/auth/register[39m
29-05-2023 22:23:39:2339 [[35mhttp[39m]: [35mvalidation failed[39m
29-05-2023 22:23:39:2339 [[35mhttp[39m]: [35m[[39m
[35m  {[39m
[35m    type: 'field',[39m
[35m    value: 'harusn',[39m
[35m    msg: 'Email not valid',[39m
[35m    path: 'email',[39m
[35m    location: 'body'[39m
[35m  },[39m
[35m  {[39m
[35m    type: 'field',[39m
[35m    value: 'ha',[39m
[35m    msg: 'Invalid value',[39m
[35m    path: 'password',[39m
[35m    location: 'body'[39m
[35m  }[39m
[35m][39m
29-05-2023 22:24:26:2426 [[32minfo[39m]: [32m[server]: Server is running @ http://localhost:3000[39m
29-05-2023 22:24:27:2427 [[32minfo[39m]: [32m[server]: Server is running @ http://localhost:3000[39m
29-05-2023 22:24:51:2451 [[35mhttp[39m]: [35mvalidating >> /api/auth/register[39m
29-05-2023 22:24:51:2451 [[35mhttp[39m]: [35mvalidation failed[39m
29-05-2023 22:24:51:2451 [[35mhttp[39m]: [35m[[39m
[35m  {[39m
[35m    type: 'field',[39m
[35m    value: 'harusn',[39m
[35m    msg: 'Email not valid',[39m
[35m    path: 'email',[39m
[35m    location: 'body'[39m
[35m  },[39m
[35m  {[39m
[35m    type: 'field',[39m
[35m    value: 'ha',[39m
[35m    msg: 'Invalid value',[39m
[35m    path: 'password',[39m
[35m    location: 'body'[39m
[35m  }[39m
[35m][39m
29-05-2023 22:25:01:251 [[35mhttp[39m]: [35mvalidating >> /api/auth/register[39m
29-05-2023 22:25:01:251 [[35mhttp[39m]: [35mvalidated >> /api/auth/register[39m
29-05-2023 22:25:01:251 [[33mwarn[39m]: [33mCould not register new user harusn@test.com, 1235131224[39m
29-05-2023 22:25:54:2554 [[32minfo[39m]: [32m[server]: Server is running @ http://localhost:3000[39m
29-05-2023 22:26:09:269 [[32minfo[39m]: [32m[server]: Server is running @ http://localhost:3000[39m
29-05-2023 22:26:23:2623 [[32minfo[39m]: [32m[server]: Server is running @ http://localhost:3000[39m
29-05-2023 22:27:19:2719 [[32minfo[39m]: [32m[server]: Server is running @ http://localhost:3000[39m
29-05-2023 22:27:46:2746 [[32minfo[39m]: [32m[server]: Server is running @ http://localhost:3000[39m
29-05-2023 22:28:09:289 [[32minfo[39m]: [32m[server]: Server is running @ http://localhost:3000[39m
29-05-2023 22:28:38:2838 [[32minfo[39m]: [32m[server]: Server is running @ http://localhost:3000[39m
29-05-2023 22:28:40:2840 [[32minfo[39m]: [32m[server]: Server is running @ http://localhost:3000[39m
29-05-2023 22:29:18:2918 [[32minfo[39m]: [32m[server]: Server is running @ http://localhost:3000[39m
29-05-2023 22:29:24:2924 [[32minfo[39m]: [32m[server]: Server is running @ http://localhost:3000[39m
29-05-2023 22:29:26:2926 [[32minfo[39m]: [32m[server]: Server is running @ http://localhost:3000[39m
29-05-2023 22:29:30:2930 [[32minfo[39m]: [32m[server]: Server is running @ http://localhost:3000[39m
29-05-2023 22:31:08:318 [[32minfo[39m]: [32m[server]: Server is running @ http://localhost:3000[39m
29-05-2023 22:31:12:3112 [[32minfo[39m]: [32m[server]: Server is running @ http://localhost:3000[39m
29-05-2023 22:31:16:3116 [[32minfo[39m]: [32m[server]: Server is running @ http://localhost:3000[39m
29-05-2023 22:31:25:3125 [[32minfo[39m]: [32m[server]: Server is running @ http://localhost:3000[39m
29-05-2023 22:31:27:3127 [[32minfo[39m]: [32m[server]: Server is running @ http://localhost:3000[39m
29-05-2023 22:32:06:326 [[32minfo[39m]: [32m[server]: Server is running @ http://localhost:3000[39m
29-05-2023 22:32:09:329 [[32minfo[39m]: [32m[server]: Server is running @ http://localhost:3000[39m
29-05-2023 22:32:13:3213 [[32minfo[39m]: [32m[server]: Server is running @ http://localhost:3000[39m
29-05-2023 22:32:16:3216 [[32minfo[39m]: [32m[server]: Server is running @ http://localhost:3000[39m
29-05-2023 22:32:28:3228 [[32minfo[39m]: [32m[server]: Server is running @ http://localhost:3000[39m
29-05-2023 22:33:00:330 [[32minfo[39m]: [32m[server]: Server is running @ http://localhost:3000[39m
29-05-2023 22:33:04:334 [[32minfo[39m]: [32m[server]: Server is running @ http://localhost:3000[39m
30-05-2023 09:19:54:1954 [[32minfo[39m]: [32m[server]: Server is running @ http://localhost:3000[39m
30-05-2023 09:20:13:2013 [[32minfo[39m]: [32m[server]: Server is running @ http://localhost:3000[39m
30-05-2023 09:20:26:2026 [[32minfo[39m]: [32m[server]: Server is running @ http://localhost:3000[39m
30-05-2023 09:21:26:2126 [[32minfo[39m]: [32m[server]: Server is running @ http://localhost:3000[39m
30-05-2023 09:21:55:2155 [[32minfo[39m]: [32m[server]: Server is running @ http://localhost:3000[39m
30-05-2023 09:22:16:2216 [[32minfo[39m]: [32m[server]: Server is running @ http://localhost:3000[39m
30-05-2023 09:22:25:2225 [[32minfo[39m]: [32m[server]: Server is running @ http://localhost:3000[39m
30-05-2023 09:22:32:2232 [[32minfo[39m]: [32m[server]: Server is running @ http://localhost:3000[39m
30-05-2023 09:22:35:2235 [[32minfo[39m]: [32m[server]: Server is running @ http://localhost:3000[39m
30-05-2023 09:23:03:233 [[32minfo[39m]: [32m[server]: Server is running @ http://localhost:3000[39m
30-05-2023 09:23:06:236 [[32minfo[39m]: [32m[server]: Server is running @ http://localhost:3000[39m
30-05-2023 09:23:22:2322 [[32minfo[39m]: [32m[server]: Server is running @ http://localhost:3000[39m
30-05-2023 09:23:30:2330 [[32minfo[39m]: [32m[server]: Server is running @ http://localhost:3000[39m
30-05-2023 09:23:41:2341 [[32minfo[39m]: [32m[server]: Server is running @ http://localhost:3000[39m
30-05-2023 09:23:52:2352 [[32minfo[39m]: [32m[server]: Server is running @ http://localhost:3000[39m
30-05-2023 09:24:05:245 [[32minfo[39m]: [32m[server]: Server is running @ http://localhost:3000[39m
30-05-2023 09:24:16:2416 [[32minfo[39m]: [32m[server]: Server is running @ http://localhost:3000[39m
30-05-2023 09:24:24:2424 [[32minfo[39m]: [32m[server]: Server is running @ http://localhost:3000[39m
30-05-2023 09:24:30:2430 [[32minfo[39m]: [32m[server]: Server is running @ http://localhost:3000[39m
30-05-2023 09:24:33:2433 [[32minfo[39m]: [32m[server]: Server is running @ http://localhost:3000[39m
30-05-2023 09:25:00:250 [[32minfo[39m]: [32m[server]: Server is running @ http://localhost:3000[39m
30-05-2023 09:25:08:258 [[32minfo[39m]: [32m[server]: Server is running @ http://localhost:3000[39m
30-05-2023 09:25:53:2553 [[32minfo[39m]: [32m[server]: Server is running @ http://localhost:3000[39m
30-05-2023 09:26:05:265 [[32minfo[39m]: [32m[server]: Server is running @ http://localhost:3000[39m
30-05-2023 09:26:21:2621 [[32minfo[39m]: [32m[server]: Server is running @ http://localhost:3000[39m
30-05-2023 09:26:30:2630 [[32minfo[39m]: [32m[server]: Server is running @ http://localhost:3000[39m
30-05-2023 09:26:44:2644 [[32minfo[39m]: [32m[server]: Server is running @ http://localhost:3000[39m
30-05-2023 09:26:51:2651 [[32minfo[39m]: [32m[server]: Server is running @ http://localhost:3000[39m
30-05-2023 09:26:58:2658 [[32minfo[39m]: [32m[server]: Server is running @ http://localhost:3000[39m
30-05-2023 09:27:13:2713 [[32minfo[39m]: [32m[server]: Server is running @ http://localhost:3000[39m
30-05-2023 09:28:50:2850 [[32minfo[39m]: [32m[server]: Server is running @ http://localhost:3000[39m
30-05-2023 09:29:00:290 [[32minfo[39m]: [32m[server]: Server is running @ http://localhost:3000[39m
30-05-2023 09:29:05:295 [[32minfo[39m]: [32m[server]: Server is running @ http://localhost:3000[39m
30-05-2023 09:29:34:2934 [[32minfo[39m]: [32m[server]: Server is running @ http://localhost:3000[39m
30-05-2023 09:29:56:2956 [[32minfo[39m]: [32m[server]: Server is running @ http://localhost:3000[39m
30-05-2023 09:30:03:303 [[32minfo[39m]: [32m[server]: Server is running @ http://localhost:3000[39m
30-05-2023 09:36:12:3612 [[32minfo[39m]: [32m[server]: Server is running @ http://localhost:3000[39m
30-05-2023 09:36:24:3624 [[32minfo[39m]: [32m[server]: Server is running @ http://localhost:3000[39m
